{"/Users/mohfaiza3/Documents/springboot-projects-personal/gcp-cicd-example/frontend-app/weather-ui/src/App.js": {"path":"/Users/mohfaiza3/Documents/springboot-projects-personal/gcp-cicd-example/frontend-app/weather-ui/src/App.js","statementMap":{"0":{"start":{"line":10,"column":42},"end":{"line":10,"column":54}},"1":{"start":{"line":11,"column":46},"end":{"line":11,"column":56}},"2":{"start":{"line":13,"column":27},"end":{"line":16,"column":3}},"3":{"start":{"line":14,"column":4},"end":{"line":14,"column":27}},"4":{"start":{"line":15,"column":4},"end":{"line":15,"column":48}},"5":{"start":{"line":17,"column":28},"end":{"line":19,"column":3}},"6":{"start":{"line":18,"column":4},"end":{"line":18,"column":24}},"7":{"start":{"line":21,"column":22},"end":{"line":23,"column":3}},"8":{"start":{"line":22,"column":4},"end":{"line":22,"column":31}},"9":{"start":{"line":25,"column":2},"end":{"line":56,"column":4}},"10":{"start":{"line":45,"column":16},"end":{"line":49,"column":18}}},"fnMap":{"0":{"name":"App","decl":{"start":{"line":9,"column":9},"end":{"line":9,"column":12}},"loc":{"start":{"line":9,"column":15},"end":{"line":57,"column":1}},"line":9},"1":{"name":"(anonymous_1)","decl":{"start":{"line":13,"column":27},"end":{"line":13,"column":28}},"loc":{"start":{"line":13,"column":38},"end":{"line":16,"column":3}},"line":13},"2":{"name":"(anonymous_2)","decl":{"start":{"line":17,"column":28},"end":{"line":17,"column":29}},"loc":{"start":{"line":17,"column":34},"end":{"line":19,"column":3}},"line":17},"3":{"name":"(anonymous_3)","decl":{"start":{"line":21,"column":22},"end":{"line":21,"column":23}},"loc":{"start":{"line":21,"column":35},"end":{"line":23,"column":3}},"line":21},"4":{"name":"(anonymous_4)","decl":{"start":{"line":44,"column":32},"end":{"line":44,"column":33}},"loc":{"start":{"line":45,"column":16},"end":{"line":49,"column":18}},"line":45}},"branchMap":{"0":{"loc":{"start":{"line":37,"column":11},"end":{"line":41,"column":11}},"type":"binary-expr","locations":[{"start":{"line":37,"column":11},"end":{"line":37,"column":23}},{"start":{"line":37,"column":27},"end":{"line":37,"column":50}},{"start":{"line":38,"column":12},"end":{"line":40,"column":18}}],"line":37},"1":{"loc":{"start":{"line":42,"column":11},"end":{"line":52,"column":11}},"type":"binary-expr","locations":[{"start":{"line":42,"column":11},"end":{"line":42,"column":23}},{"start":{"line":42,"column":27},"end":{"line":42,"column":50}},{"start":{"line":43,"column":12},"end":{"line":51,"column":18}}],"line":42}},"s":{"0":4,"1":4,"2":4,"3":1,"4":1,"5":4,"6":0,"7":4,"8":0,"9":4,"10":0},"f":{"0":4,"1":1,"2":0,"3":0,"4":0},"b":{"0":[4,3,0],"1":[4,3,0]},"_coverageSchema":"1a1c01bbd47fc00a2c39e90264f33305004495a9","hash":"02adfd809da0a70e7269a2568733e2f78a941184"}
,"/Users/mohfaiza3/Documents/springboot-projects-personal/gcp-cicd-example/frontend-app/weather-ui/src/components/search/SearchComponent.js": {"path":"/Users/mohfaiza3/Documents/springboot-projects-personal/gcp-cicd-example/frontend-app/weather-ui/src/components/search/SearchComponent.js","statementMap":{"0":{"start":{"line":6,"column":31},"end":{"line":55,"column":1}},"1":{"start":{"line":7,"column":34},"end":{"line":7,"column":46}},"2":{"start":{"line":8,"column":42},"end":{"line":8,"column":54}},"3":{"start":{"line":10,"column":28},"end":{"line":12,"column":3}},"4":{"start":{"line":11,"column":4},"end":{"line":11,"column":36}},"5":{"start":{"line":14,"column":22},"end":{"line":36,"column":3}},"6":{"start":{"line":15,"column":4},"end":{"line":35,"column":5}},"7":{"start":{"line":16,"column":6},"end":{"line":25,"column":7}},"8":{"start":{"line":17,"column":8},"end":{"line":17,"column":53}},"9":{"start":{"line":18,"column":8},"end":{"line":18,"column":28}},"10":{"start":{"line":20,"column":8},"end":{"line":20,"column":30}},"11":{"start":{"line":21,"column":23},"end":{"line":21,"column":55}},"12":{"start":{"line":22,"column":8},"end":{"line":22,"column":38}},"13":{"start":{"line":23,"column":8},"end":{"line":23,"column":28}},"14":{"start":{"line":24,"column":8},"end":{"line":24,"column":34}},"15":{"start":{"line":27,"column":6},"end":{"line":34,"column":7}},"16":{"start":{"line":28,"column":8},"end":{"line":28,"column":59}},"17":{"start":{"line":29,"column":8},"end":{"line":29,"column":28}},"18":{"start":{"line":30,"column":13},"end":{"line":34,"column":7}},"19":{"start":{"line":31,"column":8},"end":{"line":31,"column":75}},"20":{"start":{"line":33,"column":8},"end":{"line":33,"column":59}},"21":{"start":{"line":38,"column":2},"end":{"line":54,"column":4}},"22":{"start":{"line":57,"column":0},"end":{"line":60,"column":2}}},"fnMap":{"0":{"name":"(anonymous_0)","decl":{"start":{"line":6,"column":31},"end":{"line":6,"column":32}},"loc":{"start":{"line":6,"column":72},"end":{"line":55,"column":1}},"line":6},"1":{"name":"(anonymous_1)","decl":{"start":{"line":10,"column":28},"end":{"line":10,"column":29}},"loc":{"start":{"line":10,"column":39},"end":{"line":12,"column":3}},"line":10},"2":{"name":"(anonymous_2)","decl":{"start":{"line":14,"column":22},"end":{"line":14,"column":23}},"loc":{"start":{"line":14,"column":34},"end":{"line":36,"column":3}},"line":14}},"branchMap":{"0":{"loc":{"start":{"line":16,"column":6},"end":{"line":25,"column":7}},"type":"if","locations":[{"start":{"line":16,"column":6},"end":{"line":25,"column":7}},{"start":{"line":19,"column":13},"end":{"line":25,"column":7}}],"line":16},"1":{"loc":{"start":{"line":27,"column":6},"end":{"line":34,"column":7}},"type":"if","locations":[{"start":{"line":27,"column":6},"end":{"line":34,"column":7}},{"start":{"line":30,"column":13},"end":{"line":34,"column":7}}],"line":27},"2":{"loc":{"start":{"line":30,"column":13},"end":{"line":34,"column":7}},"type":"if","locations":[{"start":{"line":30,"column":13},"end":{"line":34,"column":7}},{"start":{"line":32,"column":13},"end":{"line":34,"column":7}}],"line":30}},"s":{"0":2,"1":20,"2":20,"3":20,"4":6,"5":20,"6":7,"7":7,"8":1,"9":1,"10":6,"11":6,"12":3,"13":3,"14":3,"15":4,"16":1,"17":1,"18":3,"19":1,"20":2,"21":20,"22":2},"f":{"0":20,"1":6,"2":7},"b":{"0":[1,6],"1":[1,3],"2":[1,2]},"_coverageSchema":"1a1c01bbd47fc00a2c39e90264f33305004495a9","hash":"b1dd2bf9e6d50516dcfd66a088068e00f31b2aea"}
,"/Users/mohfaiza3/Documents/springboot-projects-personal/gcp-cicd-example/frontend-app/weather-ui/src/components/weather/WeatherCard.js": {"path":"/Users/mohfaiza3/Documents/springboot-projects-personal/gcp-cicd-example/frontend-app/weather-ui/src/components/weather/WeatherCard.js","statementMap":{"0":{"start":{"line":5,"column":27},"end":{"line":62,"column":1}},"1":{"start":{"line":23,"column":6},"end":{"line":23,"column":13}},"2":{"start":{"line":24,"column":27},"end":{"line":24,"column":44}},"3":{"start":{"line":25,"column":27},"end":{"line":25,"column":53}},"4":{"start":{"line":27,"column":2},"end":{"line":27,"column":78}},"5":{"start":{"line":29,"column":18},"end":{"line":29,"column":62}},"6":{"start":{"line":30,"column":18},"end":{"line":30,"column":63}},"7":{"start":{"line":31,"column":25},"end":{"line":38,"column":4}},"8":{"start":{"line":40,"column":2},"end":{"line":61,"column":4}},"9":{"start":{"line":63,"column":0},"end":{"line":82,"column":2}}},"fnMap":{"0":{"name":"(anonymous_0)","decl":{"start":{"line":5,"column":27},"end":{"line":5,"column":28}},"loc":{"start":{"line":5,"column":44},"end":{"line":62,"column":1}},"line":5}},"branchMap":{},"s":{"0":2,"1":1,"2":1,"3":1,"4":1,"5":1,"6":1,"7":1,"8":1,"9":2},"f":{"0":1},"b":{},"_coverageSchema":"1a1c01bbd47fc00a2c39e90264f33305004495a9","hash":"108464d6f4063b433283b113a0d8ab89e1a9eafc"}
,"/Users/mohfaiza3/Documents/springboot-projects-personal/gcp-cicd-example/frontend-app/weather-ui/src/components/weather/WeatherForecastCard.js": {"path":"/Users/mohfaiza3/Documents/springboot-projects-personal/gcp-cicd-example/frontend-app/weather-ui/src/components/weather/WeatherForecastCard.js","statementMap":{"0":{"start":{"line":5,"column":35},"end":{"line":63,"column":1}},"1":{"start":{"line":19,"column":6},"end":{"line":19,"column":13}},"2":{"start":{"line":20,"column":26},"end":{"line":22,"column":3}},"3":{"start":{"line":21,"column":4},"end":{"line":21,"column":25}},"4":{"start":{"line":23,"column":27},"end":{"line":23,"column":44}},"5":{"start":{"line":24,"column":27},"end":{"line":24,"column":53}},"6":{"start":{"line":26,"column":2},"end":{"line":26,"column":78}},"7":{"start":{"line":28,"column":18},"end":{"line":28,"column":62}},"8":{"start":{"line":29,"column":18},"end":{"line":29,"column":63}},"9":{"start":{"line":30,"column":25},"end":{"line":37,"column":4}},"10":{"start":{"line":39,"column":2},"end":{"line":62,"column":4}},"11":{"start":{"line":64,"column":0},"end":{"line":84,"column":2}}},"fnMap":{"0":{"name":"(anonymous_0)","decl":{"start":{"line":5,"column":35},"end":{"line":5,"column":36}},"loc":{"start":{"line":5,"column":65},"end":{"line":63,"column":1}},"line":5},"1":{"name":"(anonymous_1)","decl":{"start":{"line":20,"column":26},"end":{"line":20,"column":27}},"loc":{"start":{"line":20,"column":32},"end":{"line":22,"column":3}},"line":20}},"branchMap":{},"s":{"0":2,"1":2,"2":2,"3":1,"4":2,"5":2,"6":2,"7":2,"8":2,"9":2,"10":2,"11":2},"f":{"0":2,"1":1},"b":{},"_coverageSchema":"1a1c01bbd47fc00a2c39e90264f33305004495a9","hash":"59e22d88131b691a4c80fb430b2e39866978294c"}
,"/Users/mohfaiza3/Documents/springboot-projects-personal/gcp-cicd-example/frontend-app/weather-ui/src/service/getSelectedRecord.js": {"path":"/Users/mohfaiza3/Documents/springboot-projects-personal/gcp-cicd-example/frontend-app/weather-ui/src/service/getSelectedRecord.js","statementMap":{"0":{"start":{"line":1,"column":33},"end":{"line":4,"column":1}},"1":{"start":{"line":2,"column":2},"end":{"line":2,"column":44}},"2":{"start":{"line":2,"column":26},"end":{"line":2,"column":44}},"3":{"start":{"line":3,"column":2},"end":{"line":3,"column":14}}},"fnMap":{"0":{"name":"(anonymous_0)","decl":{"start":{"line":1,"column":33},"end":{"line":1,"column":34}},"loc":{"start":{"line":1,"column":46},"end":{"line":4,"column":1}},"line":1}},"branchMap":{"0":{"loc":{"start":{"line":2,"column":2},"end":{"line":2,"column":44}},"type":"if","locations":[{"start":{"line":2,"column":2},"end":{"line":2,"column":44}},{"start":{},"end":{}}],"line":2}},"s":{"0":2,"1":2,"2":1,"3":1},"f":{"0":2},"b":{"0":[1,1]},"_coverageSchema":"1a1c01bbd47fc00a2c39e90264f33305004495a9","hash":"c3d63433cdd38a94ed1b499814dc6ad7bab8851e"}
,"/Users/mohfaiza3/Documents/springboot-projects-personal/gcp-cicd-example/frontend-app/weather-ui/src/service/getWeatherReport.js": {"path":"/Users/mohfaiza3/Documents/springboot-projects-personal/gcp-cicd-example/frontend-app/weather-ui/src/service/getWeatherReport.js","statementMap":{"0":{"start":{"line":3,"column":32},"end":{"line":16,"column":1}},"1":{"start":{"line":4,"column":17},"end":{"line":4,"column":128}},"2":{"start":{"line":5,"column":2},"end":{"line":5,"column":29}},"3":{"start":{"line":6,"column":2},"end":{"line":15,"column":3}},"4":{"start":{"line":7,"column":21},"end":{"line":9,"column":6}},"5":{"start":{"line":10,"column":4},"end":{"line":10,"column":20}},"6":{"start":{"line":12,"column":4},"end":{"line":13,"column":72}},"7":{"start":{"line":13,"column":6},"end":{"line":13,"column":72}},"8":{"start":{"line":14,"column":4},"end":{"line":14,"column":16}}},"fnMap":{"0":{"name":"(anonymous_0)","decl":{"start":{"line":3,"column":32},"end":{"line":3,"column":33}},"loc":{"start":{"line":3,"column":48},"end":{"line":16,"column":1}},"line":3}},"branchMap":{"0":{"loc":{"start":{"line":12,"column":4},"end":{"line":13,"column":72}},"type":"if","locations":[{"start":{"line":12,"column":4},"end":{"line":13,"column":72}},{"start":{},"end":{}}],"line":12}},"s":{"0":4,"1":2,"2":2,"3":2,"4":2,"5":1,"6":1,"7":0,"8":1},"f":{"0":2},"b":{"0":[0,1]},"_coverageSchema":"1a1c01bbd47fc00a2c39e90264f33305004495a9","hash":"528cb6fd7fda82128048b6a548d369366274a1be"}
}
