TN:
SF:src/App.js
FN:9,App
FN:13,(anonymous_1)
FN:17,(anonymous_2)
FN:21,(anonymous_3)
FN:44,(anonymous_4)
FNF:5
FNH:2
FNDA:4,App
FNDA:1,(anonymous_1)
FNDA:0,(anonymous_2)
FNDA:0,(anonymous_3)
FNDA:0,(anonymous_4)
DA:10,4
DA:11,4
DA:13,4
DA:14,1
DA:15,1
DA:17,4
DA:18,0
DA:21,4
DA:22,0
DA:25,4
DA:45,0
LF:11
LH:8
BRDA:37,0,0,4
BRDA:37,0,1,3
BRDA:37,0,2,0
BRDA:42,1,0,4
BRDA:42,1,1,3
BRDA:42,1,2,0
BRF:6
BRH:4
end_of_record
TN:
SF:src/components/search/SearchComponent.js
FN:6,(anonymous_0)
FN:10,(anonymous_1)
FN:14,(anonymous_2)
FNF:3
FNH:3
FNDA:20,(anonymous_0)
FNDA:6,(anonymous_1)
FNDA:7,(anonymous_2)
DA:6,2
DA:7,20
DA:8,20
DA:10,20
DA:11,6
DA:14,20
DA:15,7
DA:16,7
DA:17,1
DA:18,1
DA:20,6
DA:21,6
DA:22,3
DA:23,3
DA:24,3
DA:27,4
DA:28,1
DA:29,1
DA:30,3
DA:31,1
DA:33,2
DA:38,20
DA:57,2
LF:23
LH:23
BRDA:16,0,0,1
BRDA:16,0,1,6
BRDA:27,1,0,1
BRDA:27,1,1,3
BRDA:30,2,0,1
BRDA:30,2,1,2
BRF:6
BRH:6
end_of_record
TN:
SF:src/components/weather/WeatherCard.js
FN:5,(anonymous_0)
FNF:1
FNH:1
FNDA:1,(anonymous_0)
DA:5,2
DA:23,1
DA:24,1
DA:25,1
DA:27,1
DA:29,1
DA:30,1
DA:31,1
DA:40,1
DA:63,2
LF:10
LH:10
BRF:0
BRH:0
end_of_record
TN:
SF:src/components/weather/WeatherForecastCard.js
FN:5,(anonymous_0)
FN:20,(anonymous_1)
FNF:2
FNH:2
FNDA:2,(anonymous_0)
FNDA:1,(anonymous_1)
DA:5,2
DA:19,2
DA:20,2
DA:21,1
DA:23,2
DA:24,2
DA:26,2
DA:28,2
DA:29,2
DA:30,2
DA:39,2
DA:64,2
LF:12
LH:12
BRF:0
BRH:0
end_of_record
TN:
SF:src/service/getSelectedRecord.js
FN:1,(anonymous_0)
FNF:1
FNH:1
FNDA:2,(anonymous_0)
DA:1,2
DA:2,2
DA:3,1
LF:3
LH:3
BRDA:2,0,0,1
BRDA:2,0,1,1
BRF:2
BRH:2
end_of_record
TN:
SF:src/service/getWeatherReport.js
FN:3,(anonymous_0)
FNF:1
FNH:1
FNDA:2,(anonymous_0)
DA:3,4
DA:4,2
DA:5,2
DA:6,2
DA:7,2
DA:10,1
DA:12,1
DA:13,0
DA:14,1
LF:9
LH:8
BRDA:12,0,0,0
BRDA:12,0,1,1
BRF:2
BRH:1
end_of_record
